# callgrind format
version: 1
creator: pprofile
event: usphit :microseconds/hit
events: hits microseconds usphit
cmd: ./code.ipynb
fl=./code.ipynb
fn=<module>:4
3 1 8 8
4 2 42 21
5 1 6 6
6 1 8 8
7 1 8 8
8 1 7 7
9 1 8 8
10 1 8 8
11 1 8 8
12 1 7 7
13 1 8 8
14 1 7 7
15 1 7 7
16 1 8 8
17 1 7 7
18 1 7 7
19 1 7 7
20 1 8 8
21 1 7 7
22 1 7 7
23 1 7 7
24 1 8 8
25 1 7 7
26 1 7 7
27 1 8 8
28 1 7 7
29 1 7 7
30 1 8 8
31 1 7 7
32 1 7 7
33 1 7 7
34 1 8 8
35 1 7 7
36 1 7 7
37 1 8 8
40 1 7 7
41 1 8 8
42 1 7 7
43 1 8 8
44 1 7 7
45 1 9 9
46 1 7 7
47 1 7 7
48 1 7 7
49 1 7 7
50 1 7 7
54 1 8 8
55 1 8 8
56 1 7 7
57 1 7 7
58 1 8 8
59 1 8 8
60 1 7 7
61 1 7 7
62 1 8 8
63 1 8 8
64 1 7 7
65 1 8 8
66 1 7 7
67 1 7 7
68 1 7 7
69 1 8 8
70 1 7 7
71 1 7 7
72 1 7 7
73 1 7 7
74 1 8 8
75 1 7 7
76 1 7 7
77 1 8 8
78 1 7 7
79 1 7 7
80 1 8 8
81 1 7 7
82 1 7 7
83 1 8 8
84 1 8 8
85 1 7 7
86 1 7 7
87 1 7 7
88 1 7 7
89 1 7 7
90 1 7 7
91 1 7 7
92 1 8 8
93 1 7 7
94 1 7 7
95 1 7 7
96 1 8 8
97 1 7 7
98 1 8 8
99 1 7 7
100 1 7 7
101 1 7 7
102 1 8 8
103 1 8 8
104 1 7 7
105 1 8 8
106 1 7 7
107 1 7 7
108 1 7 7
111 1 8 8
112 1 7 7
113 1 8 8
114 1 7 7
115 1 8 8
116 1 8 8
117 1 7 7
118 1 7 7
119 1 7 7
120 1 7 7
124 1 8 8
125 1 7 7
126 1 7 7
127 1 8 8
128 1 7 7
129 1 7 7
130 1 7 7
131 1 8 8
132 1 7 7
133 1 7 7
134 1 7 7
135 1 8 8
136 1 8 8
137 1 7 7
138 1 7 7
139 1 7 7
140 1 7 7
141 1 8 8
142 1 7 7
143 1 7 7
144 1 7 7
145 1 97 97
146 1 9 9
147 1 8 8
148 1 8 8
149 1 8 8
150 1 8 8
151 1 7 7
152 1 8 8
153 1 8 8
154 1 7 7
155 1 8 8
156 1 8 8
157 1 7 7
158 1 8 8
159 1 8 8
160 1 8 8
161 1 8 8
162 1 8 8
163 1 8 8
164 1 7 7
165 1 8 8
166 1 8 8
167 1 7 7
168 1 8 8
169 1 7 7
170 1 8 8
171 1 8 8
172 1 7 7
173 1 7 7
174 1 8 8
175 1 8 8
176 1 7 7
177 1 8 8
178 1 8 8
179 1 7 7
180 1 8 8
181 1 7 7
182 1 7 7
183 1 8 8
184 1 7 7
185 1 8 8
186 1 9 9
187 1 8 8
188 1 8 8
189 1 7 7
190 1 8 8
191 1 8 8
192 1 8 8
193 1 8 8
194 1 8 8
195 1 8 8
196 1 7 7
197 1 8 8
198 1 8 8
199 1 8 8
200 1 8 8
201 1 7 7
202 1 8 8
203 1 8 8
204 1 8 8
205 1 7 7
206 1 8 8
207 1 7 7
208 1 8 8
209 1 8 8
210 1 7 7
211 1 8 8
212 1 8 8
213 1 8 8
214 1 7 7
215 1 8 8
216 1 7 7
217 1 8 8
218 1 8 8
219 1 7 7
220 1 8 8
221 1 8 8
222 1 8 8
223 1 7 7
224 1 7 7
225 1 8 8
226 1 8 8
227 1 7 7
228 1 8 8
229 1 8 8
230 1 7 7
231 1 8 8
232 1 7 7
233 1 7 7
234 1 8 8
235 1 8 8
236 1 7 7
237 1 8 8
238 1 7 7
239 1 8 8
240 1 7 7
241 1 8 8
242 1 7 7
243 1 8 8
244 1 8 8
245 1 7 7
246 1 8 8
247 1 8 8
248 1 8 8
249 1 7 7
250 1 8 8
251 1 8 8
252 1 8 8
253 1 8 8
254 1 8 8
257 1 9 9
258 1 8 8
259 1 8 8
260 1 7 7
261 1 8 8
262 1 10 10
263 1 8 8
264 1 7 7
265 1 8 8
266 1 8 8
267 1 8 8
268 1 8 8
269 1 7 7
270 1 8 8
271 1 8 8
272 1 8 8
273 1 8 8
274 1 8 8
275 1 8 8
276 1 7 7
277 1 8 8
278 1 8 8
279 1 8 8
280 1 8 8
281 1 8 8
282 1 8 8
283 1 8 8
284 1 8 8
285 1 8 8
286 1 8 8
287 1 8 8
288 1 8 8
289 1 8 8
290 1 8 8
291 1 8 8
292 1 7 7
293 1 8 8
294 1 8 8
295 1 8 8
296 1 8 8
297 1 8 8
298 1 8 8
299 1 8 8
300 1 8 8
301 1 8 8
302 1 8 8
303 1 8 8
304 1 8 8
305 1 8 8
306 1 8 8
307 1 8 8
308 1 8 8
309 1 8 8
310 1 8 8
311 1 8 8
312 1 8 8
313 1 8 8
314 1 8 8
315 1 8 8
316 1 8 8
317 1 8 8
318 1 8 8
319 1 8 8
320 1 8 8
321 1 8 8
322 1 8 8
323 1 8 8
324 1 8 8
325 1 8 8
326 1 11 11
327 1 8 8
328 1 8 8
329 1 8 8
330 1 8 8
331 1 7 7
332 1 8 8
333 1 8 8
334 1 10 10
335 1 8 8
336 1 8 8
337 1 8 8
338 1 8 8
339 1 8 8
340 1 7 7
341 1 8 8
342 1 8 8
343 1 8 8
344 1 8 8
345 1 8 8
346 1 8 8
347 1 10 10
348 1 8 8
349 1 8 8
350 1 8 8
351 1 8 8
352 1 8 8
353 1 10 10
354 1 8 8
355 1 8 8
356 1 8 8
357 1 8 8
358 1 8 8
359 1 20 20
360 1 10 10
361 1 8 8
362 1 10 10
363 1 8 8
364 1 8 8
365 1 8 8
366 1 8 8
367 1 8 8
368 1 8 8
369 1 8 8
370 1 10 10
371 1 8 8
372 1 8 8
373 1 8 8
374 1 8 8
375 1 8 8
376 1 8 8
377 1 8 8
378 1 8 8
379 1 8 8
380 1 8 8
381 1 8 8
382 1 8 8
383 1 8 8
384 1 36 36
385 1 8 8
386 1 8 8
387 1 8 8
388 1 8 8
389 1 10 10
390 1 10 10
391 1 8 8
392 1 8 8
393 1 10 10
394 1 8 8
395 1 8 8
396 1 8 8
397 1 8 8
398 1 8 8
399 1 8 8
400 1 8 8
401 1 8 8
402 1 8 8
403 1 8 8
404 1 7 7
405 1 8 8
406 1 8 8
407 1 8 8
408 1 8 8
409 1 8 8
410 1 10 10
411 1 8 8
412 1 8 8
413 1 8 8
414 1 8 8
415 1 8 8
416 1 13 13
417 1 8 8
418 1 8 8
419 1 8 8
420 1 8 8
421 1 8 8
422 1 8 8
423 1 8 8
424 1 8 8
425 1 8 8
426 1 8 8
427 1 8 8
428 1 8 8
429 1 8 8
430 1 8 8
431 1 8 8
432 1 8 8
433 1 8 8
434 1 8 8
435 1 8 8
436 1 8 8
437 1 8 8
438 1 8 8
439 1 8 8
440 1 8 8
441 1 8 8
442 1 8 8
443 1 8 8
444 1 8 8
445 1 8 8
446 1 8 8
447 1 8 8
448 1 8 8
449 1 8 8
450 1 8 8
451 1 8 8
452 1 8 8
453 1 8 8
454 1 8 8
455 1 8 8
456 1 8 8
457 1 8 8
458 1 8 8
459 1 8 8
460 1 8 8
461 1 8 8
462 1 8 8
463 1 8 8
464 1 8 8
465 1 8 8
466 1 8 8
467 1 8 8
468 1 8 8
469 1 8 8
470 1 8 8
471 1 8 8
472 1 8 8
473 1 8 8
474 1 8 8
475 1 8 8
476 1 8 8
477 1 8 8
478 1 8 8
479 1 8 8
480 1 8 8
481 1 8 8
482 1 8 8
483 1 8 8
484 1 8 8
485 1 8 8
486 1 8 8
487 1 8 8
488 1 8 8
489 1 8 8
490 1 8 8
491 1 8 8
492 1 8 8
493 1 8 8
494 1 8 8
495 1 8 8
496 1 8 8
497 1 8 8
498 1 8 8
499 1 8 8
500 1 8 8
501 1 8 8
502 1 8 8
503 1 8 8
504 1 8 8
505 1 8 8
506 1 8 8
507 1 8 8
508 1 8 8
509 1 8 8
510 1 8 8
511 1 8 8
512 1 8 8
513 1 8 8
514 1 8 8
515 1 8 8
516 1 8 8
517 1 8 8
518 1 8 8
519 1 8 8
520 1 8 8
521 1 8 8
522 1 8 8
523 1 8 8
524 1 8 8
525 1 8 8
526 1 8 8
527 1 9 9
528 1 8 8
529 1 8 8
530 1 8 8
531 1 8 8
532 1 8 8
533 1 8 8
534 1 8 8
535 1 8 8
536 1 8 8
537 1 8 8
538 1 8 8
539 1 8 8
540 1 8 8
541 1 7 7
542 1 8 8
543 1 8 8
544 1 8 8
545 1 8 8
546 1 8 8
547 1 8 8
548 1 8 8
549 1 8 8
550 1 8 8
551 1 8 8
552 1 8 8
553 1 8 8
554 1 8 8
555 1 8 8
556 1 8 8
557 1 8 8
558 1 8 8
559 1 8 8
560 1 8 8
561 1 8 8
562 1 8 8
563 1 8 8
564 1 8 8
565 1 8 8
566 1 8 8
567 1 8 8
568 1 8 8
569 1 8 8
570 1 8 8
571 1 8 8
572 1 8 8
573 1 8 8
574 1 8 8
575 1 8 8
576 1 8 8
577 1 8 8
578 1 8 8
579 1 7 7
580 1 8 8
581 1 8 8
582 1 8 8
583 1 8 8
584 1 8 8
585 1 8 8
586 1 8 8
587 1 8 8
588 1 8 8
589 1 8 8
590 1 8 8
591 1 8 8
592 1 7 7
593 1 8 8
594 1 8 8
595 1 8 8
596 1 8 8
597 1 8 8
598 1 8 8
599 1 8 8
600 1 8 8
601 1 8 8
602 1 8 8
603 1 8 8
604 1 8 8
605 1 8 8
606 1 8 8
607 1 8 8
608 1 8 8
609 1 8 8
610 1 8 8
611 1 8 8
612 1 8 8
613 1 8 8
614 1 8 8
615 1 8 8
616 1 8 8
617 1 33 33
618 1 9 9
619 1 8 8
620 1 8 8
621 1 8 8
622 1 8 8
623 1 8 8
624 1 8 8
625 1 8 8
626 1 8 8
627 1 8 8
628 1 8 8
629 1 8 8
630 1 8 8
631 1 8 8
632 1 8 8
633 1 8 8
634 1 8 8
635 1 8 8
636 1 8 8
637 1 8 8
638 1 8 8
639 1 8 8
640 1 8 8
641 1 8 8
642 1 8 8
643 1 8 8
644 1 8 8
645 1 8 8
646 1 8 8
647 1 8 8
648 1 8 8
649 1 8 8
650 1 8 8
651 1 8 8
652 1 8 8
653 1 8 8
654 1 8 8
655 1 8 8
656 1 8 8
657 1 8 8
658 1 8 8
659 1 8 8
660 1 8 8
661 1 8 8
662 1 8 8
663 1 8 8
664 1 8 8
665 1 8 8
666 1 8 8
667 1 8 8
668 1 8 8
669 1 8 8
670 1 8 8
671 1 8 8
672 1 8 8
673 1 8 8
674 1 8 8
675 1 8 8
676 1 8 8
677 1 8 8
678 1 8 8
679 1 8 8
680 1 8 8
681 1 8 8
682 1 8 8
683 1 8 8
684 1 8 8
685 1 8 8
686 1 8 8
687 1 8 8
688 1 8 8
689 1 8 8
690 1 8 8
691 1 8 8
692 1 8 8
693 1 8 8
694 1 8 8
695 1 8 8
698 1 8 8
699 1 8 8
700 1 8 8
701 1 12 12
702 1 8 8
703 1 8 8
704 1 8 8
705 1 8 8
706 1 8 8
707 1 8 8
708 1 8 8
712 1 8 8
713 1 8 8
714 1 8 8
715 1 8 8
716 1 8 8
717 1 8 8
718 1 8 8
722 1 8 8
723 1 8 8
725 1 13 13
